Build started 10/05/2014 16:29:24.
     1>Project "F:\OpenGL Coursework\Week 3\Week 3.vcxproj" on node 2 (build target(s)).
     1>InitializeBuildStatus:
         Creating "Debug\Week 3.unsuccessfulbuild" because "AlwaysCreate" was specified.
       ClCompile:
         e:\Visual Studio 2010\VC\bin\CL.exe /c /I"F:\OpenGL Coursework\Week 3\\include" /ZI /nologo /W3 /WX- /Od /Oy- /D WIN32 /D _DEBUG /D _CONSOLE /D _MBCS /Gm /EHsc /RTC1 /MDd /GS /fp:precise /Zc:wchar_t /Zc:forScope /Fo"Debug\\" /Fd"Debug\vc100.pdb" /Gd /TP /analyze- /errorReport:prompt Scene3D.cpp ShadowsandMirrors.cpp
         ShadowsandMirrors.cpp
         Scene3D.cpp
     1>f:\opengl coursework\week 3\scene3d.cpp(11): warning C4244: 'argument' : conversion from 'time_t' to 'unsigned int', possible loss of data
     1>f:\opengl coursework\week 3\scene3d.cpp(317): warning C4244: 'initializing' : conversion from 'int' to 'float', possible loss of data
     1>f:\opengl coursework\week 3\scene3d.cpp(317): warning C4244: 'initializing' : conversion from 'int' to 'float', possible loss of data
     1>f:\opengl coursework\week 3\scene3d.cpp(401): warning C4244: 'argument' : conversion from 'int' to 'GLfloat', possible loss of data
     1>f:\opengl coursework\week 3\scene3d.cpp(401): warning C4244: 'argument' : conversion from 'int' to 'GLfloat', possible loss of data
     1>f:\opengl coursework\week 3\scene3d.cpp(405): warning C4244: 'argument' : conversion from 'int' to 'GLfloat', possible loss of data
     1>f:\opengl coursework\week 3\scene3d.cpp(405): warning C4244: 'argument' : conversion from 'int' to 'GLfloat', possible loss of data
     1>f:\opengl coursework\week 3\scene3d.cpp(409): warning C4244: 'argument' : conversion from 'int' to 'GLfloat', possible loss of data
     1>f:\opengl coursework\week 3\scene3d.cpp(409): warning C4244: 'argument' : conversion from 'int' to 'GLfloat', possible loss of data
     1>f:\opengl coursework\week 3\scene3d.cpp(413): warning C4244: 'argument' : conversion from 'int' to 'GLfloat', possible loss of data
     1>f:\opengl coursework\week 3\scene3d.cpp(413): warning C4244: 'argument' : conversion from 'int' to 'GLfloat', possible loss of data
     1>f:\opengl coursework\week 3\scene3d.cpp(714): warning C4018: '<' : signed/unsigned mismatch
         Generating Code...
       Link:
         e:\Visual Studio 2010\VC\bin\link.exe /ERRORREPORT:PROMPT /OUT:"F:\OpenGL Coursework\Debug\Week 3.exe" /INCREMENTAL:NO /NOLOGO /LIBPATH:"F:\OpenGL Coursework\Week 3\\lib" Msimg32.lib winmm.lib OpenGL32.lib Glu32.lib SOIL.lib kernel32.lib user32.lib gdi32.lib winspool.lib comdlg32.lib advapi32.lib shell32.lib ole32.lib oleaut32.lib uuid.lib odbc32.lib odbccp32.lib /MANIFEST /ManifestFile:"Debug\Week 3.exe.intermediate.manifest" /MANIFESTUAC:"level='asInvoker' uiAccess='false'" /DEBUG /PDB:"F:\OpenGL Coursework\Debug\Week 3.pdb" /SUBSYSTEM:WINDOWS /TLBID:1 /DYNAMICBASE /NXCOMPAT /IMPLIB:"F:\OpenGL Coursework\Debug\Week 3.lib" /MACHINE:X86 Debug\Camera.obj
         Debug\cube.obj
         Debug\Cylinder.obj
         Debug\Disc.obj
         Debug\Input.obj
         Debug\Lighting.obj
         Debug\main.obj
         Debug\ModelClass.obj
         Debug\Scene3D.obj
         Debug\ShadowsandMirrors.obj
         Debug\Sphere.obj
         Debug\TokenStream.obj
         Debug\Vec3.obj
     1>Camera.obj : warning LNK4075: ignoring '/EDITANDCONTINUE' due to '/INCREMENTAL:NO' specification
     1>SOIL.lib(image_DXT.obj) : warning LNK4099: PDB 'vc100.pdb' was not found with 'SOIL.lib(image_DXT.obj)' or at 'F:\OpenGL Coursework\Debug\vc100.pdb'; linking object as if no debug info
     1>SOIL.lib(image_helper.obj) : warning LNK4099: PDB 'vc100.pdb' was not found with 'SOIL.lib(image_helper.obj)' or at 'F:\OpenGL Coursework\Debug\vc100.pdb'; linking object as if no debug info
     1>SOIL.lib(SOIL.obj) : warning LNK4099: PDB 'vc100.pdb' was not found with 'SOIL.lib(SOIL.obj)' or at 'F:\OpenGL Coursework\Debug\vc100.pdb'; linking object as if no debug info
     1>SOIL.lib(stb_image_aug.obj) : warning LNK4099: PDB 'vc100.pdb' was not found with 'SOIL.lib(stb_image_aug.obj)' or at 'F:\OpenGL Coursework\Debug\vc100.pdb'; linking object as if no debug info
         Week 3.vcxproj -> F:\OpenGL Coursework\Debug\Week 3.exe
       Manifest:
         c:\Program Files (x86)\Microsoft SDKs\Windows\v7.0A\bin\mt.exe /nologo /verbose /outputresource:"F:\OpenGL Coursework\Debug\Week 3.exe;#1" /manifest "Debug\Week 3.exe.intermediate.manifest"
       FinalizeBuildStatus:
         Deleting file "Debug\Week 3.unsuccessfulbuild".
         Touching "Debug\Week 3.lastbuildstate".
     1>Done Building Project "F:\OpenGL Coursework\Week 3\Week 3.vcxproj" (build target(s)).

Build succeeded.

Time Elapsed 00:00:22.09
