E:\CGT YEAR 2 - VIS STUDIO 2010 PROJECTS\PROJECTS\GRAPHICS\WEEK 18 - MODEL LOADING\DEBUG\WEEK 3.EXE
E:\CGT YEAR 2 - VIS STUDIO 2010 PROJECTS\PROJECTS\GRAPHICS\WEEK 18 - MODEL LOADING\DEBUG\WEEK 3.ILK
E:\CGT YEAR 2 - VIS STUDIO 2010 PROJECTS\PROJECTS\GRAPHICS\WEEK 18 - MODEL LOADING\DEBUG\WEEK 3.PDB
E:\CGT YEAR 2 - VIS STUDIO 2010 PROJECTS\PROJECTS\GRAPHICS\WEEK 18 - MODEL LOADING\WEEK 3\DEBUG\CAMERA.OBJ
E:\CGT YEAR 2 - VIS STUDIO 2010 PROJECTS\PROJECTS\GRAPHICS\WEEK 18 - MODEL LOADING\WEEK 3\DEBUG\CUBE.OBJ
E:\CGT YEAR 2 - VIS STUDIO 2010 PROJECTS\PROJECTS\GRAPHICS\WEEK 18 - MODEL LOADING\WEEK 3\DEBUG\INPUT.OBJ
E:\CGT YEAR 2 - VIS STUDIO 2010 PROJECTS\PROJECTS\GRAPHICS\WEEK 18 - MODEL LOADING\WEEK 3\DEBUG\MAIN.OBJ
E:\CGT YEAR 2 - VIS STUDIO 2010 PROJECTS\PROJECTS\GRAPHICS\WEEK 18 - MODEL LOADING\WEEK 3\DEBUG\MODELCLASS.OBJ
E:\CGT YEAR 2 - VIS STUDIO 2010 PROJECTS\PROJECTS\GRAPHICS\WEEK 18 - MODEL LOADING\WEEK 3\DEBUG\SCENE3D.OBJ
E:\CGT YEAR 2 - VIS STUDIO 2010 PROJECTS\PROJECTS\GRAPHICS\WEEK 18 - MODEL LOADING\WEEK 3\DEBUG\TOKENSTREAM.OBJ
E:\CGT YEAR 2 - VIS STUDIO 2010 PROJECTS\PROJECTS\GRAPHICS\WEEK 18 - MODEL LOADING\WEEK 3\DEBUG\VC100.PDB
E:\CGT YEAR 2 - VIS STUDIO 2010 PROJECTS\PROJECTS\GRAPHICS\WEEK 18 - MODEL LOADING\WEEK 3\DEBUG\VEC3.OBJ
E:\CGT YEAR 2 - VIS STUDIO 2010 PROJECTS\PROJECTS\GRAPHICS\WEEK 18 - MODEL LOADING\WEEK 3\DEBUG\WEEK 3.EXE.EMBED.MANIFEST
E:\CGT YEAR 2 - VIS STUDIO 2010 PROJECTS\PROJECTS\GRAPHICS\WEEK 18 - MODEL LOADING\WEEK 3\DEBUG\WEEK 3.EXE.EMBED.MANIFEST.RES
E:\CGT YEAR 2 - VIS STUDIO 2010 PROJECTS\PROJECTS\GRAPHICS\WEEK 18 - MODEL LOADING\WEEK 3\DEBUG\WEEK 3.EXE.INTERMEDIATE.MANIFEST
E:\CGT YEAR 2 - VIS STUDIO 2010 PROJECTS\PROJECTS\GRAPHICS\WEEK 19 - MIRRORS\DEBUG\WEEK 3.EXE
E:\CGT YEAR 2 - VIS STUDIO 2010 PROJECTS\PROJECTS\GRAPHICS\WEEK 19 - MIRRORS\DEBUG\WEEK 3.ILK
E:\CGT YEAR 2 - VIS STUDIO 2010 PROJECTS\PROJECTS\GRAPHICS\WEEK 19 - MIRRORS\DEBUG\WEEK 3.PDB
E:\CGT YEAR 2 - VIS STUDIO 2010 PROJECTS\PROJECTS\GRAPHICS\WEEK 19 - MIRRORS\WEEK 3\DEBUG\CAMERA.OBJ
E:\CGT YEAR 2 - VIS STUDIO 2010 PROJECTS\PROJECTS\GRAPHICS\WEEK 19 - MIRRORS\WEEK 3\DEBUG\CUBE.OBJ
E:\CGT YEAR 2 - VIS STUDIO 2010 PROJECTS\PROJECTS\GRAPHICS\WEEK 19 - MIRRORS\WEEK 3\DEBUG\INPUT.OBJ
E:\CGT YEAR 2 - VIS STUDIO 2010 PROJECTS\PROJECTS\GRAPHICS\WEEK 19 - MIRRORS\WEEK 3\DEBUG\MAIN.OBJ
E:\CGT YEAR 2 - VIS STUDIO 2010 PROJECTS\PROJECTS\GRAPHICS\WEEK 19 - MIRRORS\WEEK 3\DEBUG\MODELCLASS.OBJ
E:\CGT YEAR 2 - VIS STUDIO 2010 PROJECTS\PROJECTS\GRAPHICS\WEEK 19 - MIRRORS\WEEK 3\DEBUG\SCENE3D.OBJ
E:\CGT YEAR 2 - VIS STUDIO 2010 PROJECTS\PROJECTS\GRAPHICS\WEEK 19 - MIRRORS\WEEK 3\DEBUG\TOKENSTREAM.OBJ
E:\CGT YEAR 2 - VIS STUDIO 2010 PROJECTS\PROJECTS\GRAPHICS\WEEK 19 - MIRRORS\WEEK 3\DEBUG\VC100.PDB
E:\CGT YEAR 2 - VIS STUDIO 2010 PROJECTS\PROJECTS\GRAPHICS\WEEK 19 - MIRRORS\WEEK 3\DEBUG\VEC3.OBJ
E:\CGT YEAR 2 - VIS STUDIO 2010 PROJECTS\PROJECTS\GRAPHICS\WEEK 19 - MIRRORS\WEEK 3\DEBUG\WEEK 3.EXE.EMBED.MANIFEST.RES
E:\CGT YEAR 2 - VIS STUDIO 2010 PROJECTS\PROJECTS\GRAPHICS\WEEK 19 - MIRRORS\WEEK 3\DEBUG\WEEK 3.EXE.INTERMEDIATE.MANIFEST
E:\CGT YEAR 2 - VIS STUDIO 2010 PROJECTS\PROJECTS\GRAPHICS\WEEK 20 - SHADOWS\DEBUG\WEEK 3.EXE
E:\CGT YEAR 2 - VIS STUDIO 2010 PROJECTS\PROJECTS\GRAPHICS\WEEK 20 - SHADOWS\DEBUG\WEEK 3.ILK
E:\CGT YEAR 2 - VIS STUDIO 2010 PROJECTS\PROJECTS\GRAPHICS\WEEK 20 - SHADOWS\DEBUG\WEEK 3.PDB
E:\CGT YEAR 2 - VIS STUDIO 2010 PROJECTS\PROJECTS\GRAPHICS\WEEK 20 - SHADOWS\WEEK 3\DEBUG\CAMERA.OBJ
E:\CGT YEAR 2 - VIS STUDIO 2010 PROJECTS\PROJECTS\GRAPHICS\WEEK 20 - SHADOWS\WEEK 3\DEBUG\CUBE.OBJ
E:\CGT YEAR 2 - VIS STUDIO 2010 PROJECTS\PROJECTS\GRAPHICS\WEEK 20 - SHADOWS\WEEK 3\DEBUG\INPUT.OBJ
E:\CGT YEAR 2 - VIS STUDIO 2010 PROJECTS\PROJECTS\GRAPHICS\WEEK 20 - SHADOWS\WEEK 3\DEBUG\LIGHTING.OBJ
E:\CGT YEAR 2 - VIS STUDIO 2010 PROJECTS\PROJECTS\GRAPHICS\WEEK 20 - SHADOWS\WEEK 3\DEBUG\MAIN.OBJ
E:\CGT YEAR 2 - VIS STUDIO 2010 PROJECTS\PROJECTS\GRAPHICS\WEEK 20 - SHADOWS\WEEK 3\DEBUG\MODELCLASS.OBJ
E:\CGT YEAR 2 - VIS STUDIO 2010 PROJECTS\PROJECTS\GRAPHICS\WEEK 20 - SHADOWS\WEEK 3\DEBUG\SCENE3D.OBJ
E:\CGT YEAR 2 - VIS STUDIO 2010 PROJECTS\PROJECTS\GRAPHICS\WEEK 20 - SHADOWS\WEEK 3\DEBUG\TOKENSTREAM.OBJ
E:\CGT YEAR 2 - VIS STUDIO 2010 PROJECTS\PROJECTS\GRAPHICS\WEEK 20 - SHADOWS\WEEK 3\DEBUG\VC100.PDB
E:\CGT YEAR 2 - VIS STUDIO 2010 PROJECTS\PROJECTS\GRAPHICS\WEEK 20 - SHADOWS\WEEK 3\DEBUG\VEC3.OBJ
E:\CGT YEAR 2 - VIS STUDIO 2010 PROJECTS\PROJECTS\GRAPHICS\WEEK 20 - SHADOWS\WEEK 3\DEBUG\WEEK 3.EXE.EMBED.MANIFEST.RES
E:\CGT YEAR 2 - VIS STUDIO 2010 PROJECTS\PROJECTS\GRAPHICS\WEEK 20 - SHADOWS\WEEK 3\DEBUG\WEEK 3.EXE.INTERMEDIATE.MANIFEST
E:\WEEK 20 - SHADOWS\DEBUG\WEEK 3.EXE
E:\WEEK 20 - SHADOWS\DEBUG\WEEK 3.ILK
E:\WEEK 20 - SHADOWS\DEBUG\WEEK 3.PDB
E:\WEEK 20 - SHADOWS\WEEK 3\DEBUG\CAMERA.OBJ
E:\WEEK 20 - SHADOWS\WEEK 3\DEBUG\CUBE.OBJ
E:\WEEK 20 - SHADOWS\WEEK 3\DEBUG\INPUT.OBJ
E:\WEEK 20 - SHADOWS\WEEK 3\DEBUG\LIGHTING.OBJ
E:\WEEK 20 - SHADOWS\WEEK 3\DEBUG\MAIN.OBJ
E:\WEEK 20 - SHADOWS\WEEK 3\DEBUG\MODELCLASS.OBJ
E:\WEEK 20 - SHADOWS\WEEK 3\DEBUG\SCENE3D.OBJ
E:\WEEK 20 - SHADOWS\WEEK 3\DEBUG\TOKENSTREAM.OBJ
E:\WEEK 20 - SHADOWS\WEEK 3\DEBUG\VC100.PDB
E:\WEEK 20 - SHADOWS\WEEK 3\DEBUG\VEC3.OBJ
E:\WEEK 20 - SHADOWS\WEEK 3\DEBUG\WEEK 3.EXE.EMBED.MANIFEST.RES
E:\WEEK 20 - SHADOWS\WEEK 3\DEBUG\WEEK 3.EXE.INTERMEDIATE.MANIFEST
F:\WEEK 20 - SHADOWS\DEBUG\WEEK 3.EXE
F:\WEEK 20 - SHADOWS\DEBUG\WEEK 3.ILK
F:\WEEK 20 - SHADOWS\DEBUG\WEEK 3.PDB
F:\WEEK 20 - SHADOWS\WEEK 3\DEBUG\CAMERA.OBJ
F:\Week 20 - Shadows\Week 3\Debug\cl.command.1.tlog
F:\Week 20 - Shadows\Week 3\Debug\CL.read.1.tlog
F:\Week 20 - Shadows\Week 3\Debug\CL.write.1.tlog
F:\WEEK 20 - SHADOWS\WEEK 3\DEBUG\CUBE.OBJ
F:\WEEK 20 - SHADOWS\WEEK 3\DEBUG\INPUT.OBJ
F:\WEEK 20 - SHADOWS\WEEK 3\DEBUG\LIGHTING.OBJ
F:\Week 20 - Shadows\Week 3\Debug\link.1400.read.1.tlog
F:\Week 20 - Shadows\Week 3\Debug\link.1400.read.2.tlog
F:\Week 20 - Shadows\Week 3\Debug\link.1400.write.1.tlog
F:\Week 20 - Shadows\Week 3\Debug\link.1400-cvtres.read.1.tlog
F:\Week 20 - Shadows\Week 3\Debug\link.1400-cvtres.write.1.tlog
F:\Week 20 - Shadows\Week 3\Debug\link.2140.read.1.tlog
F:\Week 20 - Shadows\Week 3\Debug\link.2140.read.2.tlog
F:\Week 20 - Shadows\Week 3\Debug\link.2140.write.1.tlog
F:\Week 20 - Shadows\Week 3\Debug\link.2140-cvtres.read.1.tlog
F:\Week 20 - Shadows\Week 3\Debug\link.2140-cvtres.write.1.tlog
F:\Week 20 - Shadows\Week 3\Debug\link.3040.read.1.tlog
F:\Week 20 - Shadows\Week 3\Debug\link.3040.read.2.tlog
F:\Week 20 - Shadows\Week 3\Debug\link.3040.write.1.tlog
F:\Week 20 - Shadows\Week 3\Debug\link.3040-cvtres.read.1.tlog
F:\Week 20 - Shadows\Week 3\Debug\link.3040-cvtres.write.1.tlog
F:\Week 20 - Shadows\Week 3\Debug\link.3708.read.1.tlog
F:\Week 20 - Shadows\Week 3\Debug\link.3708.read.2.tlog
F:\Week 20 - Shadows\Week 3\Debug\link.3708.write.1.tlog
F:\Week 20 - Shadows\Week 3\Debug\link.3708-cvtres.read.1.tlog
F:\Week 20 - Shadows\Week 3\Debug\link.3708-cvtres.write.1.tlog
F:\Week 20 - Shadows\Week 3\Debug\link.4492.read.1.tlog
F:\Week 20 - Shadows\Week 3\Debug\link.4492.read.2.tlog
F:\Week 20 - Shadows\Week 3\Debug\link.4492.write.1.tlog
F:\Week 20 - Shadows\Week 3\Debug\link.4492-cvtres.read.1.tlog
F:\Week 20 - Shadows\Week 3\Debug\link.4492-cvtres.write.1.tlog
F:\Week 20 - Shadows\Week 3\Debug\link.5536.read.1.tlog
F:\Week 20 - Shadows\Week 3\Debug\link.5536.read.2.tlog
F:\Week 20 - Shadows\Week 3\Debug\link.5536.write.1.tlog
F:\Week 20 - Shadows\Week 3\Debug\link.5536-cvtres.read.1.tlog
F:\Week 20 - Shadows\Week 3\Debug\link.5536-cvtres.write.1.tlog
F:\Week 20 - Shadows\Week 3\Debug\link.5688.read.1.tlog
F:\Week 20 - Shadows\Week 3\Debug\link.5688.read.2.tlog
F:\Week 20 - Shadows\Week 3\Debug\link.5688.write.1.tlog
F:\Week 20 - Shadows\Week 3\Debug\link.5688-cvtres.read.1.tlog
F:\Week 20 - Shadows\Week 3\Debug\link.5688-cvtres.write.1.tlog
F:\Week 20 - Shadows\Week 3\Debug\link.5724.read.1.tlog
F:\Week 20 - Shadows\Week 3\Debug\link.5724.read.2.tlog
F:\Week 20 - Shadows\Week 3\Debug\link.5724.write.1.tlog
F:\Week 20 - Shadows\Week 3\Debug\link.5724-cvtres.read.1.tlog
F:\Week 20 - Shadows\Week 3\Debug\link.5724-cvtres.write.1.tlog
F:\Week 20 - Shadows\Week 3\Debug\link.6008.read.1.tlog
F:\Week 20 - Shadows\Week 3\Debug\link.6008.read.2.tlog
F:\Week 20 - Shadows\Week 3\Debug\link.6008.write.1.tlog
F:\Week 20 - Shadows\Week 3\Debug\link.6008-cvtres.read.1.tlog
F:\Week 20 - Shadows\Week 3\Debug\link.6008-cvtres.write.1.tlog
F:\Week 20 - Shadows\Week 3\Debug\link.6512.read.1.tlog
F:\Week 20 - Shadows\Week 3\Debug\link.6512.read.2.tlog
F:\Week 20 - Shadows\Week 3\Debug\link.6512.write.1.tlog
F:\Week 20 - Shadows\Week 3\Debug\link.6512-cvtres.read.1.tlog
F:\Week 20 - Shadows\Week 3\Debug\link.6512-cvtres.write.1.tlog
F:\Week 20 - Shadows\Week 3\Debug\link.6800.read.1.tlog
F:\Week 20 - Shadows\Week 3\Debug\link.6800.read.2.tlog
F:\Week 20 - Shadows\Week 3\Debug\link.6800.write.1.tlog
F:\Week 20 - Shadows\Week 3\Debug\link.6800-cvtres.read.1.tlog
F:\Week 20 - Shadows\Week 3\Debug\link.6800-cvtres.write.1.tlog
F:\Week 20 - Shadows\Week 3\Debug\link.7568.read.1.tlog
F:\Week 20 - Shadows\Week 3\Debug\link.7568.read.2.tlog
F:\Week 20 - Shadows\Week 3\Debug\link.7568.write.1.tlog
F:\Week 20 - Shadows\Week 3\Debug\link.7568-cvtres.read.1.tlog
F:\Week 20 - Shadows\Week 3\Debug\link.7568-cvtres.write.1.tlog
F:\Week 20 - Shadows\Week 3\Debug\link.8028.read.1.tlog
F:\Week 20 - Shadows\Week 3\Debug\link.8028.read.2.tlog
F:\Week 20 - Shadows\Week 3\Debug\link.8028.write.1.tlog
F:\Week 20 - Shadows\Week 3\Debug\link.8028-cvtres.read.1.tlog
F:\Week 20 - Shadows\Week 3\Debug\link.8028-cvtres.write.1.tlog
F:\Week 20 - Shadows\Week 3\Debug\link.command.1.tlog
F:\Week 20 - Shadows\Week 3\Debug\link.read.1.tlog
F:\Week 20 - Shadows\Week 3\Debug\link.read.2.tlog
F:\Week 20 - Shadows\Week 3\Debug\link.write.1.tlog
F:\Week 20 - Shadows\Week 3\Debug\link-cvtres.read.1.tlog
F:\Week 20 - Shadows\Week 3\Debug\link-cvtres.write.1.tlog
F:\WEEK 20 - SHADOWS\WEEK 3\DEBUG\MAIN.OBJ
F:\WEEK 20 - SHADOWS\WEEK 3\DEBUG\MODELCLASS.OBJ
F:\Week 20 - Shadows\Week 3\Debug\mt.command.1.tlog
F:\Week 20 - Shadows\Week 3\Debug\mt.read.1.tlog
F:\Week 20 - Shadows\Week 3\Debug\mt.write.1.tlog
F:\Week 20 - Shadows\Week 3\Debug\rc.command.1.tlog
F:\Week 20 - Shadows\Week 3\Debug\rc.read.1.tlog
F:\Week 20 - Shadows\Week 3\Debug\rc.write.1.tlog
F:\WEEK 20 - SHADOWS\WEEK 3\DEBUG\SCENE3D.OBJ
F:\WEEK 20 - SHADOWS\WEEK 3\DEBUG\TOKENSTREAM.OBJ
F:\Week 20 - Shadows\Week 3\Debug\vc100.idb
F:\WEEK 20 - SHADOWS\WEEK 3\DEBUG\VC100.PDB
F:\WEEK 20 - SHADOWS\WEEK 3\DEBUG\VEC3.OBJ
F:\Week 20 - Shadows\Week 3\Debug\Week 3.exe.embed.manifest
F:\WEEK 20 - SHADOWS\WEEK 3\DEBUG\WEEK 3.EXE.EMBED.MANIFEST.RES
F:\WEEK 20 - SHADOWS\WEEK 3\DEBUG\WEEK 3.EXE.INTERMEDIATE.MANIFEST
F:\Week 20 - Shadows\Week 3\Debug\Week 3.vcxprojResolveAssemblyReference.cache
F:\Week 20 - Shadows\Week 3\Debug\Week 3.write.1.tlog
F:\Week 20 - Shadows\Week 3\Debug\Week 3_manifest.rc
G:\CGT YEAR 2 - VIS STUDIO 2010 PROJECTS\PROJECTS\GRAPHICS\WEEK 19 - MIRRORS\DEBUG\WEEK 3.EXE
G:\CGT YEAR 2 - VIS STUDIO 2010 PROJECTS\PROJECTS\GRAPHICS\WEEK 19 - MIRRORS\DEBUG\WEEK 3.ILK
G:\CGT YEAR 2 - VIS STUDIO 2010 PROJECTS\PROJECTS\GRAPHICS\WEEK 19 - MIRRORS\DEBUG\WEEK 3.PDB
G:\CGT YEAR 2 - VIS STUDIO 2010 PROJECTS\PROJECTS\GRAPHICS\WEEK 19 - MIRRORS\WEEK 3\DEBUG\CAMERA.OBJ
G:\CGT YEAR 2 - VIS STUDIO 2010 PROJECTS\PROJECTS\GRAPHICS\WEEK 19 - MIRRORS\WEEK 3\DEBUG\CUBE.OBJ
G:\CGT YEAR 2 - VIS STUDIO 2010 PROJECTS\PROJECTS\GRAPHICS\WEEK 19 - MIRRORS\WEEK 3\DEBUG\INPUT.OBJ
G:\CGT YEAR 2 - VIS STUDIO 2010 PROJECTS\PROJECTS\GRAPHICS\WEEK 19 - MIRRORS\WEEK 3\DEBUG\MAIN.OBJ
G:\CGT YEAR 2 - VIS STUDIO 2010 PROJECTS\PROJECTS\GRAPHICS\WEEK 19 - MIRRORS\WEEK 3\DEBUG\MODELCLASS.OBJ
G:\CGT YEAR 2 - VIS STUDIO 2010 PROJECTS\PROJECTS\GRAPHICS\WEEK 19 - MIRRORS\WEEK 3\DEBUG\SCENE3D.OBJ
G:\CGT YEAR 2 - VIS STUDIO 2010 PROJECTS\PROJECTS\GRAPHICS\WEEK 19 - MIRRORS\WEEK 3\DEBUG\TOKENSTREAM.OBJ
G:\CGT YEAR 2 - VIS STUDIO 2010 PROJECTS\PROJECTS\GRAPHICS\WEEK 19 - MIRRORS\WEEK 3\DEBUG\VC100.PDB
G:\CGT YEAR 2 - VIS STUDIO 2010 PROJECTS\PROJECTS\GRAPHICS\WEEK 19 - MIRRORS\WEEK 3\DEBUG\VEC3.OBJ
G:\CGT YEAR 2 - VIS STUDIO 2010 PROJECTS\PROJECTS\GRAPHICS\WEEK 19 - MIRRORS\WEEK 3\DEBUG\WEEK 3.EXE.EMBED.MANIFEST.RES
G:\CGT YEAR 2 - VIS STUDIO 2010 PROJECTS\PROJECTS\GRAPHICS\WEEK 19 - MIRRORS\WEEK 3\DEBUG\WEEK 3.EXE.INTERMEDIATE.MANIFEST
